[debug] [2020-09-02T12:49:30.861Z] ----------------------------------------------------------------------
[debug] [2020-09-02T12:49:30.862Z] Command:       /Users/ezemicha/.nvm/versions/node/v10.21.0/bin/node /Users/ezemicha/.nvm/versions/node/v10.21.0/bin/firebase deploy --only functions
[debug] [2020-09-02T12:49:30.863Z] CLI Version:   8.4.3
[debug] [2020-09-02T12:49:30.863Z] Platform:      darwin
[debug] [2020-09-02T12:49:30.863Z] Node Version:  v10.21.0
[debug] [2020-09-02T12:49:30.864Z] Time:          Wed Sep 02 2020 14:49:30 GMT+0200 (Central European Summer Time)
[debug] [2020-09-02T12:49:30.864Z] ----------------------------------------------------------------------
[debug] [2020-09-02T12:49:30.864Z] 
[debug] [2020-09-02T12:49:30.871Z] > command requires scopes: ["email","openid","https://www.googleapis.com/auth/cloudplatformprojects.readonly","https://www.googleapis.com/auth/firebase","https://www.googleapis.com/auth/cloud-platform"]
[debug] [2020-09-02T12:49:30.872Z] > authorizing via signed-in user
[debug] [2020-09-02T12:49:30.872Z] [iam] checking project portfoliowebsite-23bb3 for permissions ["cloudfunctions.functions.create","cloudfunctions.functions.delete","cloudfunctions.functions.get","cloudfunctions.functions.list","cloudfunctions.functions.update","cloudfunctions.operations.get","firebase.projects.get"]
[debug] [2020-09-02T12:49:30.874Z] >>> HTTP REQUEST POST https://cloudresourcemanager.googleapis.com/v1/projects/portfoliowebsite-23bb3:testIamPermissions  
 {"permissions":["cloudfunctions.functions.create","cloudfunctions.functions.delete","cloudfunctions.functions.get","cloudfunctions.functions.list","cloudfunctions.functions.update","cloudfunctions.operations.get","firebase.projects.get"]}
[debug] [2020-09-02T12:49:31.893Z] <<< HTTP RESPONSE 200 {"content-type":"application/json; charset=UTF-8","vary":"X-Origin, Referer, Origin,Accept-Encoding","date":"Wed, 02 Sep 2020 12:49:31 GMT","server":"ESF","cache-control":"private","x-xss-protection":"0","x-frame-options":"SAMEORIGIN","x-content-type-options":"nosniff","server-timing":"gfet4t7; dur=662","alt-svc":"h3-29=\":443\"; ma=2592000,h3-27=\":443\"; ma=2592000,h3-T051=\":443\"; ma=2592000,h3-T050=\":443\"; ma=2592000,h3-Q050=\":443\"; ma=2592000,h3-Q046=\":443\"; ma=2592000,h3-Q043=\":443\"; ma=2592000,quic=\":443\"; ma=2592000; v=\"46,43\"","accept-ranges":"none","transfer-encoding":"chunked"}
[debug] [2020-09-02T12:49:31.894Z] >>> HTTP REQUEST POST https://iam.googleapis.com/v1/projects/portfoliowebsite-23bb3/serviceAccounts/portfoliowebsite-23bb3@appspot.gserviceaccount.com:testIamPermissions  
 {"permissions":["iam.serviceAccounts.actAs"]}
[debug] [2020-09-02T12:49:33.016Z] <<< HTTP RESPONSE 200 {"content-type":"application/json; charset=UTF-8","vary":"X-Origin, Referer, Origin,Accept-Encoding","date":"Wed, 02 Sep 2020 12:49:32 GMT","server":"ESF","cache-control":"private","x-xss-protection":"0","x-frame-options":"SAMEORIGIN","x-content-type-options":"nosniff","alt-svc":"h3-29=\":443\"; ma=2592000,h3-27=\":443\"; ma=2592000,h3-T051=\":443\"; ma=2592000,h3-T050=\":443\"; ma=2592000,h3-Q050=\":443\"; ma=2592000,h3-Q046=\":443\"; ma=2592000,h3-Q043=\":443\"; ma=2592000,quic=\":443\"; ma=2592000; v=\"46,43\"","accept-ranges":"none","transfer-encoding":"chunked"}
[warn] ⚠  functions: package.json indicates an outdated version of firebase-functions.
Please upgrade using npm install --save firebase-functions@latest in your functions directory. 
[info] 
[info] === Deploying to 'portfoliowebsite-23bb3'...
[info] 
[info] i  deploying functions 
[info] Running command: npm --prefix "$RESOURCE_DIR" run lint
[info] Running command: npm --prefix "$RESOURCE_DIR" run build
[info] ✔  functions: Finished running predeploy script. 
[debug] [2020-09-02T12:49:39.711Z] > [functions] package.json contents: {
  "author": "Michael Eze",
  "description": "Serverless server for personal website",
  "name": "functions",
  "scripts": {
    "lint": "tslint --project tsconfig.json",
    "build": "tsc",
    "serve": "npm run build && firebase emulators:start --only functions",
    "shell": "npm run build && firebase functions:shell",
    "start": "npm run shell",
    "deploy": "firebase deploy --only functions",
    "logs": "firebase functions:log"
  },
  "engines": {
    "node": "8"
  },
  "main": "dist/index.js",
  "dependencies": {
    "express": "^4.17.1",
    "express-graphql": "^0.9.0",
    "firebase-admin": "^8.10.0",
    "firebase-functions": "^3.6.1",
    "graphql": "^15.1.0"
  },
  "devDependencies": {
    "tslint": "^5.12.0",
    "typescript": "^3.8.0",
    "firebase-functions-test": "^0.2.0"
  },
  "private": true
}
[info] i  functions: ensuring required API cloudfunctions.googleapis.com is enabled... 
[debug] [2020-09-02T12:49:40.568Z] [functions] runtime dependency check dates: warning: 2020-05-21T00:00:00.000Z error: 2020-07-09T00:00:00.000Z
[warn] 
[warn] ⚠  functions: The Node.js 8 runtime is deprecated and will be decommissioned on 2020-12-05. For more information, see: https://firebase.google.com/support/faq#functions-runtime 
[warn] 
[debug] [2020-09-02T12:49:40.570Z] >>> HTTP REQUEST GET https://serviceusage.googleapis.com/v1/projects/portfoliowebsite-23bb3/services/cloudfunctions.googleapis.com  
 
[debug] [2020-09-02T12:49:40.571Z] >>> HTTP REQUEST GET https://serviceusage.googleapis.com/v1/projects/portfoliowebsite-23bb3/services/runtimeconfig.googleapis.com  
 
